Using pre-set license
Built from '2021.3/staging' branch; Version is '2021.3.21f1 (1b156197d683) revision 1774945'; Using compiler version '192829333'; Build Type 'Release'
OS: 'Windows 10  (10.0.19045) 64bit Core' Language: 'ko' Physical Memory: 16293 MB
BatchMode: 1, IsHumanControllingUs: 0, StartBugReporterOnCrash: 0, Is64bit: 1, IsPro: 1

COMMAND LINE ARGUMENTS:
C:\Program Files\Unity\Hub\Editor\2021.3.21f1\Editor\Unity.exe
-adb2
-batchMode
-noUpm
-name
AssetImportWorker0
-projectPath
C:/Users/jsh99/Desktop/capstone/HIM2023Public
-logFile
Logs/AssetImportWorker0.log
-srvPort
50220
Successfully changed project path to: C:/Users/jsh99/Desktop/capstone/HIM2023Public
C:/Users/jsh99/Desktop/capstone/HIM2023Public
[UnityMemory] Configuration Parameters - Can be set up in boot.config
    "memorysetup-bucket-allocator-granularity=16"
    "memorysetup-bucket-allocator-bucket-count=8"
    "memorysetup-bucket-allocator-block-size=33554432"
    "memorysetup-bucket-allocator-block-count=8"
    "memorysetup-main-allocator-block-size=16777216"
    "memorysetup-thread-allocator-block-size=16777216"
    "memorysetup-gfx-main-allocator-block-size=16777216"
    "memorysetup-gfx-thread-allocator-block-size=16777216"
    "memorysetup-cache-allocator-block-size=4194304"
    "memorysetup-typetree-allocator-block-size=2097152"
    "memorysetup-profiler-bucket-allocator-granularity=16"
    "memorysetup-profiler-bucket-allocator-bucket-count=8"
    "memorysetup-profiler-bucket-allocator-block-size=33554432"
    "memorysetup-profiler-bucket-allocator-block-count=8"
    "memorysetup-profiler-allocator-block-size=16777216"
    "memorysetup-profiler-editor-allocator-block-size=1048576"
    "memorysetup-temp-allocator-size-main=16777216"
    "memorysetup-job-temp-allocator-block-size=2097152"
    "memorysetup-job-temp-allocator-block-size-background=1048576"
    "memorysetup-job-temp-allocator-reduction-small-platforms=262144"
    "memorysetup-temp-allocator-size-background-worker=32768"
    "memorysetup-temp-allocator-size-job-worker=262144"
    "memorysetup-temp-allocator-size-preload-manager=33554432"
    "memorysetup-temp-allocator-size-nav-mesh-worker=65536"
    "memorysetup-temp-allocator-size-audio-worker=65536"
    "memorysetup-temp-allocator-size-cloud-worker=32768"
    "memorysetup-temp-allocator-size-gi-baking-worker=262144"
    "memorysetup-temp-allocator-size-gfx=262144"
Player connection [3516] Host "[IP] 192.168.0.2 [Port] 0 [Flags] 2 [Guid] 3480515425 [EditorId] 3480515425 [Version] 1048832 [Id] WindowsEditor(7,DESKTOP-LMQ1JNP) [Debug] 1 [PackageName] WindowsEditor [ProjectName] Editor" joined multi-casting on [225.0.0.222:54997]...

Player connection [3516] Host "[IP] 192.168.0.2 [Port] 0 [Flags] 2 [Guid] 3480515425 [EditorId] 3480515425 [Version] 1048832 [Id] WindowsEditor(7,DESKTOP-LMQ1JNP) [Debug] 1 [PackageName] WindowsEditor [ProjectName] Editor" joined alternative multi-casting on [225.0.0.222:34997]...

Refreshing native plugins compatible for Editor in 140.48 ms, found 3 plugins.
Preloading 0 native plugins for Editor in 0.00 ms.
Initialize engine version: 2021.3.21f1 (1b156197d683)
[Subsystems] Discovering subsystems at path C:/Program Files/Unity/Hub/Editor/2021.3.21f1/Editor/Data/Resources/UnitySubsystems
[Subsystems] Discovering subsystems at path C:/Users/jsh99/Desktop/capstone/HIM2023Public/Assets
GfxDevice: creating device client; threaded=0; jobified=0
Direct3D:
    Version:  Direct3D 11.0 [level 11.1]
    Renderer: NVIDIA GeForce GTX 1050 (ID=0x1c8d)
    Vendor:   NVIDIA
    VRAM:     4020 MB
    Driver:   31.0.15.3598
Shader 'Custom/RainShader': fallback shader 'Particles/Alpha Blended' not found
Initialize mono
Mono path[0] = 'C:/Program Files/Unity/Hub/Editor/2021.3.21f1/Editor/Data/Managed'
Mono path[1] = 'C:/Program Files/Unity/Hub/Editor/2021.3.21f1/Editor/Data/MonoBleedingEdge/lib/mono/unityjit-win32'
Mono config path = 'C:/Program Files/Unity/Hub/Editor/2021.3.21f1/Editor/Data/MonoBleedingEdge/etc'
Using monoOptions --debugger-agent=transport=dt_socket,embedding=1,server=y,suspend=n,address=127.0.0.1:56704
Begin MonoManager ReloadAssembly
Registering precompiled unity dll's ...
Register platform support module: C:/Program Files/Unity/Hub/Editor/2021.3.21f1/Editor/Data/PlaybackEngines/WindowsStandaloneSupport/UnityEditor.WindowsStandalone.Extensions.dll
Registered in 0.009071 seconds.
Native extension for WindowsStandalone target not found
Refreshing native plugins compatible for Editor in 131.11 ms, found 3 plugins.
Preloading 0 native plugins for Editor in 0.00 ms.
Mono: successfully reloaded assembly
- Completed reload, in  0.923 seconds
Domain Reload Profiling:
	ReloadAssembly (923ms)
		BeginReloadAssembly (114ms)
			ExecutionOrderSort (0ms)
			DisableScriptedObjects (0ms)
			BackupInstance (0ms)
			ReleaseScriptingObjects (0ms)
			CreateAndSetChildDomain (1ms)
		EndReloadAssembly (664ms)
			LoadAssemblies (112ms)
			RebuildTransferFunctionScriptingTraits (0ms)
			SetupTypeCache (213ms)
			ReleaseScriptCaches (0ms)
			RebuildScriptCaches (33ms)
			SetupLoadedEditorAssemblies (346ms)
				LogAssemblyErrors (0ms)
				InitializePlatformSupportModulesInManaged (10ms)
				SetLoadedEditorAssemblies (0ms)
				RefreshPlugins (131ms)
				BeforeProcessingInitializeOnLoad (2ms)
				ProcessInitializeOnLoadAttributes (148ms)
				ProcessInitializeOnLoadMethodAttributes (54ms)
				AfterProcessingInitializeOnLoad (0ms)
				EditorAssembliesLoaded (0ms)
			ExecutionOrderSort2 (0ms)
			AwakeInstancesAfterBackupRestoration (0ms)
Platform modules already initialized, skipping
Registering precompiled user dll's ...
Registered in 0.011551 seconds.
Begin MonoManager ReloadAssembly
Symbol file LoadedFromMemory doesn't match image C:\Users\jsh99\Desktop\capstone\HIM2023Public\Library\PackageCache\com.unity.visualscripting@1.8.0\Editor\VisualScripting.Core\Dependencies\YamlDotNet\Unity.VisualScripting.YamlDotNet.dll
Symbol file LoadedFromMemory doesn't match image C:\Users\jsh99\Desktop\capstone\HIM2023Public\Library\PackageCache\com.unity.visualscripting@1.8.0\Editor\VisualScripting.Core\Dependencies\DotNetZip\Unity.VisualScripting.IonicZip.dll
Native extension for WindowsStandalone target not found
Refreshing native plugins compatible for Editor in 1.31 ms, found 3 plugins.
Preloading 0 native plugins for Editor in 0.00 ms.
Mono: successfully reloaded assembly
- Completed reload, in  1.429 seconds
Domain Reload Profiling:
	ReloadAssembly (1430ms)
		BeginReloadAssembly (151ms)
			ExecutionOrderSort (0ms)
			DisableScriptedObjects (7ms)
			BackupInstance (0ms)
			ReleaseScriptingObjects (0ms)
			CreateAndSetChildDomain (21ms)
		EndReloadAssembly (1139ms)
			LoadAssemblies (125ms)
			RebuildTransferFunctionScriptingTraits (0ms)
			SetupTypeCache (418ms)
			ReleaseScriptCaches (1ms)
			RebuildScriptCaches (79ms)
			SetupLoadedEditorAssemblies (488ms)
				LogAssemblyErrors (0ms)
				InitializePlatformSupportModulesInManaged (6ms)
				SetLoadedEditorAssemblies (1ms)
				RefreshPlugins (1ms)
				BeforeProcessingInitializeOnLoad (109ms)
				ProcessInitializeOnLoadAttributes (335ms)
				ProcessInitializeOnLoadMethodAttributes (25ms)
				AfterProcessingInitializeOnLoad (10ms)
				EditorAssembliesLoaded (0ms)
			ExecutionOrderSort2 (0ms)
			AwakeInstancesAfterBackupRestoration (8ms)
Platform modules already initialized, skipping
========================================================================
Worker process is ready to serve import requests
Shader 'Custom/RainShader': fallback shader 'Particles/Alpha Blended' not found
Launched and connected shader compiler UnityShaderCompiler.exe after 0.05 seconds
Refreshing native plugins compatible for Editor in 1.20 ms, found 3 plugins.
Preloading 0 native plugins for Editor in 0.00 ms.
Unloading 3807 Unused Serialized files (Serialized files now loaded: 0)
Unloading 61 unused Assets / (1.7 MB). Loaded Objects now: 4275.
Memory consumption went from 296.1 MB to 294.4 MB.
Total: 4.736600 ms (FindLiveObjects: 0.453200 ms CreateObjectMapping: 0.446300 ms MarkObjects: 3.355400 ms  DeleteObjects: 0.480600 ms)

AssetImportParameters requested are different than current active one (requested -> active):
  custom:video-decoder-ogg-theora: a1e56fd34408186e4bbccfd4996cb3dc -> 
  custom:container-muxer-webm: aa71ff27fc2769a1b78a27578f13a17b -> 
  custom:container-demuxer-webm: 4f35f7cbe854078d1ac9338744f61a02 -> 
  custom:video-encoder-webm-vp8: eb34c28f22e8b96e1ab97ce403110664 -> 
  custom:audio-encoder-webm-vorbis: bf7c407c2cedff20999df2af8eb42d56 -> 
  custom:framework-win-MediaFoundation: 216162199b28c13a410421893ffa2e32 -> 
  custom:container-demuxer-ogg: 62fdf1f143b41e24485cea50d1cbac27 -> 
  custom:video-decoder-webm-vp8: 9c59270c3fd7afecdb556c50c9e8de78 -> 
  custom:audio-decoder-ogg-vorbis: bf7c407c2cedff20999df2af8eb42d56 -> 
========================================================================
Received Import Request.
  Time since last request: 2849.798718 seconds.
  path: Assets/UnityTechnologies/ParticlePack/Scenes/Main
  artifactKey: Guid(f1c25cae5d366b94bba0899612a4ba45) Importer(815301076,1909f56bfc062723c751e8b465ee728b)
Start importing Assets/UnityTechnologies/ParticlePack/Scenes/Main using Guid(f1c25cae5d366b94bba0899612a4ba45) Importer(815301076,1909f56bfc062723c751e8b465ee728b)  -> (artifact id: '6ada8d9a77f83657adc1ba4d771e117b') in 0.017275 seconds 
========================================================================
Received Import Request.
  Time since last request: 0.000038 seconds.
  path: Assets/UnityTechnologies/ParticlePack/Scenes/Main.unity
  artifactKey: Guid(163adec682b5ccd4c8dbb7766c20f3fb) Importer(815301076,1909f56bfc062723c751e8b465ee728b)
Start importing Assets/UnityTechnologies/ParticlePack/Scenes/Main.unity using Guid(163adec682b5ccd4c8dbb7766c20f3fb) Importer(815301076,1909f56bfc062723c751e8b465ee728b)  -> (artifact id: '3e2e756dee25e62a610d1c67b327ce66') in 0.013108 seconds 
========================================================================
Received Import Request.
  Time since last request: 6.637028 seconds.
  path: Assets/Script/NPCShop/Scripts/NPCEntity.cs
  artifactKey: Guid(e21f4136daa836446896e3dede6cbe9f) Importer(815301076,1909f56bfc062723c751e8b465ee728b)
Start importing Assets/Script/NPCShop/Scripts/NPCEntity.cs using Guid(e21f4136daa836446896e3dede6cbe9f) Importer(815301076,1909f56bfc062723c751e8b465ee728b)  -> (artifact id: '2a87814491bf2df63fef7de887390ed5') in 0.051450 seconds 
========================================================================
Received Import Request.
  Time since last request: 88.284722 seconds.
  path: Assets/Script/NPCShop/Scripts/NPCEntity.cs
  artifactKey: Guid(e21f4136daa836446896e3dede6cbe9f) Importer(815301076,1909f56bfc062723c751e8b465ee728b)
Start importing Assets/Script/NPCShop/Scripts/NPCEntity.cs using Guid(e21f4136daa836446896e3dede6cbe9f) Importer(815301076,1909f56bfc062723c751e8b465ee728b)  -> (artifact id: 'c66f6f62c0d9788a0437eb3160a7ee61') in 0.003048 seconds 
========================================================================
Received Import Request.
  Time since last request: 15.105926 seconds.
  path: Assets/Script/NPCShop/Scripts/NPCEntity.cs
  artifactKey: Guid(e21f4136daa836446896e3dede6cbe9f) Importer(815301076,1909f56bfc062723c751e8b465ee728b)
Start importing Assets/Script/NPCShop/Scripts/NPCEntity.cs using Guid(e21f4136daa836446896e3dede6cbe9f) Importer(815301076,1909f56bfc062723c751e8b465ee728b)  -> (artifact id: 'f6688eab603ea148601533282ae67300') in 0.002327 seconds 
========================================================================
Received Import Request.
  Time since last request: 26.631877 seconds.
  path: Assets/Script/NPCShop/Scripts/NPCEntity.cs
  artifactKey: Guid(e21f4136daa836446896e3dede6cbe9f) Importer(815301076,1909f56bfc062723c751e8b465ee728b)
Start importing Assets/Script/NPCShop/Scripts/NPCEntity.cs using Guid(e21f4136daa836446896e3dede6cbe9f) Importer(815301076,1909f56bfc062723c751e8b465ee728b)  -> (artifact id: '15d1b5578db4453700da795ce6228f56') in 0.002963 seconds 
========================================================================
Received Import Request.
  Time since last request: 31.524363 seconds.
  path: Assets/Script/NPCShop/Scripts/NPCEntity.cs
  artifactKey: Guid(e21f4136daa836446896e3dede6cbe9f) Importer(815301076,1909f56bfc062723c751e8b465ee728b)
Start importing Assets/Script/NPCShop/Scripts/NPCEntity.cs using Guid(e21f4136daa836446896e3dede6cbe9f) Importer(815301076,1909f56bfc062723c751e8b465ee728b)  -> (artifact id: '669fde2d201e4e2fc503dcb5b22a5b74') in 0.002684 seconds 
========================================================================
Received Import Request.
  Time since last request: 16.795529 seconds.
  path: Assets/Script/NPCShop/Scripts/NPCEntity.cs
  artifactKey: Guid(e21f4136daa836446896e3dede6cbe9f) Importer(815301076,1909f56bfc062723c751e8b465ee728b)
Start importing Assets/Script/NPCShop/Scripts/NPCEntity.cs using Guid(e21f4136daa836446896e3dede6cbe9f) Importer(815301076,1909f56bfc062723c751e8b465ee728b)  -> (artifact id: 'c0f2dcdc4fb7efff9eb5abae90a14a3e') in 0.002977 seconds 
========================================================================
Received Prepare
Registering precompiled user dll's ...
Registered in 0.018195 seconds.
Begin MonoManager ReloadAssembly
Symbol file LoadedFromMemory doesn't match image C:\Users\jsh99\Desktop\capstone\HIM2023Public\Library\PackageCache\com.unity.visualscripting@1.8.0\Editor\VisualScripting.Core\Dependencies\YamlDotNet\Unity.VisualScripting.YamlDotNet.dll
Symbol file LoadedFromMemory doesn't match image C:\Users\jsh99\Desktop\capstone\HIM2023Public\Library\PackageCache\com.unity.visualscripting@1.8.0\Editor\VisualScripting.Core\Dependencies\DotNetZip\Unity.VisualScripting.IonicZip.dll
Native extension for WindowsStandalone target not found
Refreshing native plugins compatible for Editor in 1.08 ms, found 3 plugins.
Preloading 0 native plugins for Editor in 0.00 ms.
Mono: successfully reloaded assembly
- Completed reload, in  1.507 seconds
Domain Reload Profiling:
	ReloadAssembly (1508ms)
		BeginReloadAssembly (188ms)
			ExecutionOrderSort (0ms)
			DisableScriptedObjects (5ms)
			BackupInstance (0ms)
			ReleaseScriptingObjects (0ms)
			CreateAndSetChildDomain (41ms)
		EndReloadAssembly (1183ms)
			LoadAssemblies (140ms)
			RebuildTransferFunctionScriptingTraits (0ms)
			SetupTypeCache (442ms)
			ReleaseScriptCaches (1ms)
			RebuildScriptCaches (73ms)
			SetupLoadedEditorAssemblies (471ms)
				LogAssemblyErrors (0ms)
				InitializePlatformSupportModulesInManaged (10ms)
				SetLoadedEditorAssemblies (1ms)
				RefreshPlugins (1ms)
				BeforeProcessingInitializeOnLoad (94ms)
				ProcessInitializeOnLoadAttributes (323ms)
				ProcessInitializeOnLoadMethodAttributes (31ms)
				AfterProcessingInitializeOnLoad (11ms)
				EditorAssembliesLoaded (0ms)
			ExecutionOrderSort2 (0ms)
			AwakeInstancesAfterBackupRestoration (8ms)
Platform modules already initialized, skipping
Shader 'Custom/RainShader': fallback shader 'Particles/Alpha Blended' not found
Refreshing native plugins compatible for Editor in 4.68 ms, found 3 plugins.
Preloading 0 native plugins for Editor in 0.00 ms.
Unloading 3735 Unused Serialized files (Serialized files now loaded: 0)
Unloading 41 unused Assets / (1.6 MB). Loaded Objects now: 4291.
Memory consumption went from 288.6 MB to 286.9 MB.
Total: 4.034100 ms (FindLiveObjects: 0.348300 ms CreateObjectMapping: 0.259200 ms MarkObjects: 2.866200 ms  DeleteObjects: 0.559400 ms)

AssetImportParameters requested are different than current active one (requested -> active):
  custom:video-decoder-ogg-theora: a1e56fd34408186e4bbccfd4996cb3dc -> 
  custom:container-muxer-webm: aa71ff27fc2769a1b78a27578f13a17b -> 
  custom:container-demuxer-webm: 4f35f7cbe854078d1ac9338744f61a02 -> 
  custom:video-encoder-webm-vp8: eb34c28f22e8b96e1ab97ce403110664 -> 
  custom:audio-encoder-webm-vorbis: bf7c407c2cedff20999df2af8eb42d56 -> 
  custom:framework-win-MediaFoundation: 216162199b28c13a410421893ffa2e32 -> 
  custom:container-demuxer-ogg: 62fdf1f143b41e24485cea50d1cbac27 -> 
  custom:video-decoder-webm-vp8: 9c59270c3fd7afecdb556c50c9e8de78 -> 
  custom:audio-decoder-ogg-vorbis: bf7c407c2cedff20999df2af8eb42d56 -> 
========================================================================
Received Prepare
Registering precompiled user dll's ...
Registered in 0.013068 seconds.
Begin MonoManager ReloadAssembly
Symbol file LoadedFromMemory doesn't match image C:\Users\jsh99\Desktop\capstone\HIM2023Public\Library\PackageCache\com.unity.visualscripting@1.8.0\Editor\VisualScripting.Core\Dependencies\YamlDotNet\Unity.VisualScripting.YamlDotNet.dll
Symbol file LoadedFromMemory doesn't match image C:\Users\jsh99\Desktop\capstone\HIM2023Public\Library\PackageCache\com.unity.visualscripting@1.8.0\Editor\VisualScripting.Core\Dependencies\DotNetZip\Unity.VisualScripting.IonicZip.dll
Native extension for WindowsStandalone target not found
Refreshing native plugins compatible for Editor in 1.25 ms, found 3 plugins.
Preloading 0 native plugins for Editor in 0.00 ms.
Mono: successfully reloaded assembly
- Completed reload, in  1.672 seconds
Domain Reload Profiling:
	ReloadAssembly (1673ms)
		BeginReloadAssembly (229ms)
			ExecutionOrderSort (0ms)
			DisableScriptedObjects (7ms)
			BackupInstance (0ms)
			ReleaseScriptingObjects (0ms)
			CreateAndSetChildDomain (49ms)
		EndReloadAssembly (1283ms)
			LoadAssemblies (166ms)
			RebuildTransferFunctionScriptingTraits (0ms)
			SetupTypeCache (510ms)
			ReleaseScriptCaches (2ms)
			RebuildScriptCaches (71ms)
			SetupLoadedEditorAssemblies (518ms)
				LogAssemblyErrors (0ms)
				InitializePlatformSupportModulesInManaged (8ms)
				SetLoadedEditorAssemblies (1ms)
				RefreshPlugins (1ms)
				BeforeProcessingInitializeOnLoad (135ms)
				ProcessInitializeOnLoadAttributes (333ms)
				ProcessInitializeOnLoadMethodAttributes (28ms)
				AfterProcessingInitializeOnLoad (12ms)
				EditorAssembliesLoaded (0ms)
			ExecutionOrderSort2 (0ms)
			AwakeInstancesAfterBackupRestoration (8ms)
Platform modules already initialized, skipping
Shader 'Custom/RainShader': fallback shader 'Particles/Alpha Blended' not found
Refreshing native plugins compatible for Editor in 3.93 ms, found 3 plugins.
Preloading 0 native plugins for Editor in 0.00 ms.
Unloading 3735 Unused Serialized files (Serialized files now loaded: 0)
Unloading 41 unused Assets / (1.6 MB). Loaded Objects now: 4307.
Memory consumption went from 288.6 MB to 287.0 MB.
Total: 7.217200 ms (FindLiveObjects: 0.768300 ms CreateObjectMapping: 0.713800 ms MarkObjects: 5.056900 ms  DeleteObjects: 0.677200 ms)

AssetImportParameters requested are different than current active one (requested -> active):
  custom:video-decoder-ogg-theora: a1e56fd34408186e4bbccfd4996cb3dc -> 
  custom:container-muxer-webm: aa71ff27fc2769a1b78a27578f13a17b -> 
  custom:container-demuxer-webm: 4f35f7cbe854078d1ac9338744f61a02 -> 
  custom:video-encoder-webm-vp8: eb34c28f22e8b96e1ab97ce403110664 -> 
  custom:audio-encoder-webm-vorbis: bf7c407c2cedff20999df2af8eb42d56 -> 
  custom:framework-win-MediaFoundation: 216162199b28c13a410421893ffa2e32 -> 
  custom:container-demuxer-ogg: 62fdf1f143b41e24485cea50d1cbac27 -> 
  custom:video-decoder-webm-vp8: 9c59270c3fd7afecdb556c50c9e8de78 -> 
  custom:audio-decoder-ogg-vorbis: bf7c407c2cedff20999df2af8eb42d56 -> 
========================================================================
Received Import Request.
  Time since last request: 107.106011 seconds.
  path: Assets/TextMesh Pro
  artifactKey: Guid(f54d1bd14bd3ca042bd867b519fee8cc) Importer(815301076,1909f56bfc062723c751e8b465ee728b)
Start importing Assets/TextMesh Pro using Guid(f54d1bd14bd3ca042bd867b519fee8cc) Importer(815301076,1909f56bfc062723c751e8b465ee728b)  -> (artifact id: '6d457b26d2bc8024e58729449d46e968') in 0.018123 seconds 
========================================================================
Received Import Request.
  Time since last request: 6.181036 seconds.
  path: Assets/Script/PostProcess/Scripts/PostManager.cs
  artifactKey: Guid(ed82b1f1f0f53b84bbb30132c71e0714) Importer(815301076,1909f56bfc062723c751e8b465ee728b)
Start importing Assets/Script/PostProcess/Scripts/PostManager.cs using Guid(ed82b1f1f0f53b84bbb30132c71e0714) Importer(815301076,1909f56bfc062723c751e8b465ee728b)  -> (artifact id: 'bbc43e32dd8f17e62a2f51911bd17ccd') in 0.009351 seconds 
========================================================================
Received Prepare
Registering precompiled user dll's ...
Registered in 0.015527 seconds.
Begin MonoManager ReloadAssembly
Symbol file LoadedFromMemory doesn't match image C:\Users\jsh99\Desktop\capstone\HIM2023Public\Library\PackageCache\com.unity.visualscripting@1.8.0\Editor\VisualScripting.Core\Dependencies\YamlDotNet\Unity.VisualScripting.YamlDotNet.dll
Symbol file LoadedFromMemory doesn't match image C:\Users\jsh99\Desktop\capstone\HIM2023Public\Library\PackageCache\com.unity.visualscripting@1.8.0\Editor\VisualScripting.Core\Dependencies\DotNetZip\Unity.VisualScripting.IonicZip.dll
Native extension for WindowsStandalone target not found
Refreshing native plugins compatible for Editor in 1.31 ms, found 3 plugins.
Preloading 0 native plugins for Editor in 0.00 ms.
Mono: successfully reloaded assembly
- Completed reload, in  1.580 seconds
Domain Reload Profiling:
	ReloadAssembly (1581ms)
		BeginReloadAssembly (227ms)
			ExecutionOrderSort (0ms)
			DisableScriptedObjects (8ms)
			BackupInstance (0ms)
			ReleaseScriptingObjects (0ms)
			CreateAndSetChildDomain (56ms)
		EndReloadAssembly (1170ms)
			LoadAssemblies (170ms)
			RebuildTransferFunctionScriptingTraits (0ms)
			SetupTypeCache (453ms)
			ReleaseScriptCaches (2ms)
			RebuildScriptCaches (63ms)
			SetupLoadedEditorAssemblies (461ms)
				LogAssemblyErrors (0ms)
				InitializePlatformSupportModulesInManaged (8ms)
				SetLoadedEditorAssemblies (1ms)
				RefreshPlugins (1ms)
				BeforeProcessingInitializeOnLoad (107ms)
				ProcessInitializeOnLoadAttributes (307ms)
				ProcessInitializeOnLoadMethodAttributes (26ms)
				AfterProcessingInitializeOnLoad (11ms)
				EditorAssembliesLoaded (0ms)
			ExecutionOrderSort2 (0ms)
			AwakeInstancesAfterBackupRestoration (10ms)
Platform modules already initialized, skipping
Shader 'Custom/RainShader': fallback shader 'Particles/Alpha Blended' not found
Refreshing native plugins compatible for Editor in 3.18 ms, found 3 plugins.
Preloading 0 native plugins for Editor in 0.00 ms.
Unloading 3735 Unused Serialized files (Serialized files now loaded: 0)
Unloading 41 unused Assets / (1.6 MB). Loaded Objects now: 4323.
Memory consumption went from 288.6 MB to 287.0 MB.
Total: 3.854700 ms (FindLiveObjects: 0.330600 ms CreateObjectMapping: 0.261600 ms MarkObjects: 2.776400 ms  DeleteObjects: 0.484700 ms)

AssetImportParameters requested are different than current active one (requested -> active):
  custom:video-decoder-ogg-theora: a1e56fd34408186e4bbccfd4996cb3dc -> 
  custom:container-muxer-webm: aa71ff27fc2769a1b78a27578f13a17b -> 
  custom:container-demuxer-webm: 4f35f7cbe854078d1ac9338744f61a02 -> 
  custom:video-encoder-webm-vp8: eb34c28f22e8b96e1ab97ce403110664 -> 
  custom:audio-encoder-webm-vorbis: bf7c407c2cedff20999df2af8eb42d56 -> 
  custom:framework-win-MediaFoundation: 216162199b28c13a410421893ffa2e32 -> 
  custom:container-demuxer-ogg: 62fdf1f143b41e24485cea50d1cbac27 -> 
  custom:video-decoder-webm-vp8: 9c59270c3fd7afecdb556c50c9e8de78 -> 
  custom:audio-decoder-ogg-vorbis: bf7c407c2cedff20999df2af8eb42d56 -> 
========================================================================
Received Import Request.
  Time since last request: 119.581283 seconds.
  path: Assets/FreeVegetation-LowPolyNature
  artifactKey: Guid(bce8b73262630074086c65e1af9a4ecf) Importer(815301076,1909f56bfc062723c751e8b465ee728b)
Start importing Assets/FreeVegetation-LowPolyNature using Guid(bce8b73262630074086c65e1af9a4ecf) Importer(815301076,1909f56bfc062723c751e8b465ee728b)  -> (artifact id: '5fee90de425b8ee81af858b239a77f82') in 0.018823 seconds 
========================================================================
Received Import Request.
  Time since last request: 0.292526 seconds.
  path: Assets/greyRoadStudio
  artifactKey: Guid(3bc6351d4df14f140b294a191d0c79be) Importer(815301076,1909f56bfc062723c751e8b465ee728b)
Start importing Assets/greyRoadStudio using Guid(3bc6351d4df14f140b294a191d0c79be) Importer(815301076,1909f56bfc062723c751e8b465ee728b)  -> (artifact id: '2875e3bedc04e5bedea39f3bcb5c2cb2') in 0.010829 seconds 
========================================================================
Received Import Request.
  Time since last request: 1.111113 seconds.
  path: Assets/Hovl Studio
  artifactKey: Guid(0b31d124a34f94241b3b5fbaa8745367) Importer(815301076,1909f56bfc062723c751e8b465ee728b)
Start importing Assets/Hovl Studio using Guid(0b31d124a34f94241b3b5fbaa8745367) Importer(815301076,1909f56bfc062723c751e8b465ee728b)  -> (artifact id: 'ffc22a8aead4ba3ef0b03cbe77ee9e28') in 0.013810 seconds 
========================================================================
Received Import Request.
  Time since last request: 0.363924 seconds.
  path: Assets/Images
  artifactKey: Guid(62b88f48a4a509644b557bab68ddea89) Importer(815301076,1909f56bfc062723c751e8b465ee728b)
Start importing Assets/Images using Guid(62b88f48a4a509644b557bab68ddea89) Importer(815301076,1909f56bfc062723c751e8b465ee728b)  -> (artifact id: '3435ed614bc07f1f7add00464d78aa44') in 0.012023 seconds 
========================================================================
Received Import Request.
  Time since last request: 0.374657 seconds.
  path: Assets/Hit Fx
  artifactKey: Guid(3f953870c80bd304c9f8f4e96034f9a3) Importer(815301076,1909f56bfc062723c751e8b465ee728b)
Start importing Assets/Hit Fx using Guid(3f953870c80bd304c9f8f4e96034f9a3) Importer(815301076,1909f56bfc062723c751e8b465ee728b)  -> (artifact id: 'c5cfe1b11d761c93d2d14f76bbe735fc') in 0.012795 seconds 
========================================================================
Received Import Request.
  Time since last request: 2.780393 seconds.
  path: Assets/Hit Fx/Goblin Hit.prefab
  artifactKey: Guid(53064e144c3d45a4bb8d1965654a6b5e) Importer(815301076,1909f56bfc062723c751e8b465ee728b)
Start importing Assets/Hit Fx/Goblin Hit.prefab using Guid(53064e144c3d45a4bb8d1965654a6b5e) Importer(815301076,1909f56bfc062723c751e8b465ee728b)  -> (artifact id: '1b7ae428cf118d4c62766730c7ee8dc9') in 0.213731 seconds 
========================================================================
Received Import Request.
  Time since last request: 2.165313 seconds.
  path: Assets/Hit Fx/Human Hit.prefab
  artifactKey: Guid(45e8a3f9748fe56419dfed72d7e15e8e) Importer(815301076,1909f56bfc062723c751e8b465ee728b)
Start importing Assets/Hit Fx/Human Hit.prefab using Guid(45e8a3f9748fe56419dfed72d7e15e8e) Importer(815301076,1909f56bfc062723c751e8b465ee728b)  -> (artifact id: '02f41f74b22f258df055da1eef40ddd1') in 0.075503 seconds 
========================================================================
Received Import Request.
  Time since last request: 4.023368 seconds.
  path: Assets/fonts
  artifactKey: Guid(b4fe0ea8421cf5545a3ca2ee7bf5428a) Importer(815301076,1909f56bfc062723c751e8b465ee728b)
Start importing Assets/fonts using Guid(b4fe0ea8421cf5545a3ca2ee7bf5428a) Importer(815301076,1909f56bfc062723c751e8b465ee728b)  -> (artifact id: 'e9ec2aa6a0302bc1803dae6d7d1be7ff') in 0.010049 seconds 
========================================================================
Received Import Request.
  Time since last request: 8.602930 seconds.
  path: Assets/Resources/MapObject/ItemBox.prefab
  artifactKey: Guid(7174f8e4fc04a714db186bd3a6c7079a) Importer(815301076,1909f56bfc062723c751e8b465ee728b)
Start importing Assets/Resources/MapObject/ItemBox.prefab using Guid(7174f8e4fc04a714db186bd3a6c7079a) Importer(815301076,1909f56bfc062723c751e8b465ee728b)  -> (artifact id: '77a8d053ce061f567adb2d31785c7e6b') in 0.083539 seconds 
========================================================================
Received Import Request.
  Time since last request: 0.260727 seconds.
  path: Assets/Resources/MapObject
  artifactKey: Guid(f603d902595fc3749992d765d14c335e) Importer(815301076,1909f56bfc062723c751e8b465ee728b)
Start importing Assets/Resources/MapObject using Guid(f603d902595fc3749992d765d14c335e) Importer(815301076,1909f56bfc062723c751e8b465ee728b)  -> (artifact id: 'e0477a5cabf39127ae45056d324b94e9') in 0.012252 seconds 
